Using pre-set license
Built from '2020.3/staging' branch; Version is '2020.3.9f1 (108be757e447) revision 1084391'; Using compiler version '192528614'; Build Type 'Release'
OS: 'Windows 10 Home; OS build 19042.985; Version 2009; 64bit' Language: 'en' Physical Memory: 16301 MB
BatchMode: 1, IsHumanControllingUs: 0, StartBugReporterOnCrash: 0, Is64bit: 1, IsPro: 0

 COMMAND LINE ARGUMENTS:
C:\Program Files\Unity\Hub\Editor\2020.3.9f1\Editor\Unity.exe
-adb2
-batchMode
-noUpm
-name
AssetImportWorker0
-projectPath
C:/Users/Josh/Documents/GitHub/VR-and-lower-back-pain/VR and lower back pain
-logFile
Logs/AssetImportWorker0.log
-srvPort
56232
Successfully changed project path to: C:/Users/Josh/Documents/GitHub/VR-and-lower-back-pain/VR and lower back pain
C:/Users/Josh/Documents/GitHub/VR-and-lower-back-pain/VR and lower back pain
Using Asset Import Pipeline V2.
Refreshing native plugins compatible for Editor in 114.54 ms, found 8 plugins.
Preloading 0 native plugins for Editor in 0.00 ms.
Initialize engine version: 2020.3.9f1 (108be757e447)
[Subsystems] Discovering subsystems at path C:/Program Files/Unity/Hub/Editor/2020.3.9f1/Editor/Data/Resources/UnitySubsystems
[Subsystems] Discovering subsystems at path C:/Users/Josh/Documents/GitHub/VR-and-lower-back-pain/VR and lower back pain/Assets
GfxDevice: creating device client; threaded=0
Direct3D:
    Version:  Direct3D 11.0 [level 11.1]
    Renderer: NVIDIA GeForce GTX 970 (ID=0x13c2)
    Vendor:   
    VRAM:     4043 MB
    Driver:   27.21.14.6647
Initialize mono
Mono path[0] = 'C:/Program Files/Unity/Hub/Editor/2020.3.9f1/Editor/Data/Managed'
Mono path[1] = 'C:/Program Files/Unity/Hub/Editor/2020.3.9f1/Editor/Data/MonoBleedingEdge/lib/mono/unityjit'
Mono config path = 'C:/Program Files/Unity/Hub/Editor/2020.3.9f1/Editor/Data/MonoBleedingEdge/etc'
Using monoOptions --debugger-agent=transport=dt_socket,embedding=1,server=y,suspend=n,address=127.0.0.1:56016
Begin MonoManager ReloadAssembly
Registering precompiled unity dll's ...
Register platform support module: C:/Program Files/Unity/Hub/Editor/2020.3.9f1/Editor/Data/PlaybackEngines/WindowsStandaloneSupport/UnityEditor.WindowsStandalone.Extensions.dll
Registered in 0.006407 seconds.
Native extension for WindowsStandalone target not found
Refreshing native plugins compatible for Editor in 89.72 ms, found 8 plugins.
Preloading 0 native plugins for Editor in 0.00 ms.
Mono: successfully reloaded assembly
- Completed reload, in  2.344 seconds
Platform modules already initialized, skipping
Registering precompiled user dll's ...
Registered in 0.015619 seconds.
Begin MonoManager ReloadAssembly
Native extension for WindowsStandalone target not found
Refreshing native plugins compatible for Editor in 164.33 ms, found 8 plugins.
Preloading 0 native plugins for Editor in 0.00 ms.
Mono: successfully reloaded assembly
- Completed reload, in  2.894 seconds
Platform modules already initialized, skipping
========================================================================
Worker process is ready to serve import requests
Launched and connected shader compiler UnityShaderCompiler.exe after 0.08 seconds
Refreshing native plugins compatible for Editor in 1.06 ms, found 8 plugins.
Preloading 0 native plugins for Editor in 0.00 ms.
Unloading 2055 Unused Serialized files (Serialized files now loaded: 0)
System memory in use before: 95.7 MB.
System memory in use after: 95.6 MB.

Unloading 30 unused Assets to reduce memory usage. Loaded Objects now: 2502.
Total: 4.007400 ms (FindLiveObjects: 0.336400 ms CreateObjectMapping: 0.107000 ms MarkObjects: 3.457300 ms  DeleteObjects: 0.104300 ms)

========================================================================
Received Import Request.
  path: Assets/SteamVR/InteractionSystem/Core/Prefabs/Player.prefab
  artifactKey: Guid(dc06161b6d97feb419f45f03b62e14b9) Importer(815301076,1909f56bfc062723c751e8b465ee728b)
Start importing Assets/SteamVR/InteractionSystem/Core/Prefabs/Player.prefab using Guid(dc06161b6d97feb419f45f03b62e14b9) Importer(815301076,1909f56bfc062723c751e8b465ee728b)  -> (artifact id: '024bf52dbb611a822ae1469fb3494573') in 0.531034 seconds
  Import took 0.539498 seconds .

========================================================================
Received Prepare
Registering precompiled user dll's ...
Registered in 0.014345 seconds.
Begin MonoManager ReloadAssembly
Native extension for WindowsStandalone target not found
Refreshing native plugins compatible for Editor in 1.08 ms, found 8 plugins.
Preloading 0 native plugins for Editor in 0.00 ms.
Mono: successfully reloaded assembly
- Completed reload, in  2.162 seconds
Platform modules already initialized, skipping
Refreshing native plugins compatible for Editor in 0.90 ms, found 8 plugins.
Preloading 0 native plugins for Editor in 0.00 ms.
Unloading 2029 Unused Serialized files (Serialized files now loaded: 0)
System memory in use before: 107.6 MB.
System memory in use after: 107.7 MB.

Unloading 23 unused Assets to reduce memory usage. Loaded Objects now: 2524.
Total: 2.822300 ms (FindLiveObjects: 0.238400 ms CreateObjectMapping: 0.089600 ms MarkObjects: 2.447500 ms  DeleteObjects: 0.044800 ms)

========================================================================
Received Prepare
Registering precompiled user dll's ...
Registered in 0.011660 seconds.
Begin MonoManager ReloadAssembly
Native extension for WindowsStandalone target not found
Refreshing native plugins compatible for Editor in 0.88 ms, found 8 plugins.
Preloading 0 native plugins for Editor in 0.00 ms.
Mono: successfully reloaded assembly
- Completed reload, in  3.329 seconds
Platform modules already initialized, skipping
Refreshing native plugins compatible for Editor in 0.91 ms, found 8 plugins.
Preloading 0 native plugins for Editor in 0.00 ms.
Unloading 2029 Unused Serialized files (Serialized files now loaded: 0)
System memory in use before: 107.7 MB.
System memory in use after: 107.8 MB.

Unloading 23 unused Assets to reduce memory usage. Loaded Objects now: 2528.
Total: 3.193500 ms (FindLiveObjects: 0.218100 ms CreateObjectMapping: 0.119200 ms MarkObjects: 2.829200 ms  DeleteObjects: 0.025300 ms)

========================================================================
Received Import Request.
  Time since last request: 517.092793 seconds.
  path: Assets/SteamVR/InteractionSystem/Core/Scripts/LinearBlendshape.cs
  artifactKey: Guid(5a3622562855c9a40a14846ffdc8bfe4) Importer(815301076,1909f56bfc062723c751e8b465ee728b)
Start importing Assets/SteamVR/InteractionSystem/Core/Scripts/LinearBlendshape.cs using Guid(5a3622562855c9a40a14846ffdc8bfe4) Importer(815301076,1909f56bfc062723c751e8b465ee728b)  -> (artifact id: 'c858c297ac8c958e40fe803e6f7491ae') in 0.064458 seconds
  Import took 0.071547 seconds .

========================================================================
Received Import Request.
  Time since last request: 0.002615 seconds.
  path: Assets/SteamVR/InteractionSystem/Core/Scripts/LinearBlendshape.cs
  artifactKey: Guid(5a3622562855c9a40a14846ffdc8bfe4) Importer(815301076,1909f56bfc062723c751e8b465ee728b)
Start importing Assets/SteamVR/InteractionSystem/Core/Scripts/LinearBlendshape.cs using Guid(5a3622562855c9a40a14846ffdc8bfe4) Importer(815301076,1909f56bfc062723c751e8b465ee728b)  -> (artifact id: 'c858c297ac8c958e40fe803e6f7491ae') in 0.010009 seconds
  Import took 0.017276 seconds .

========================================================================
Received Import Request.
  Time since last request: 2539.578621 seconds.
  path: Assets/XR
  artifactKey: Guid(fe3a6d59ca53ea5419effd1c8d7d084b) Importer(815301076,1909f56bfc062723c751e8b465ee728b)
Start importing Assets/XR using Guid(fe3a6d59ca53ea5419effd1c8d7d084b) Importer(815301076,1909f56bfc062723c751e8b465ee728b)  -> (artifact id: '43dbf9788ac202f2adf8ea20c6bdb04e') in 0.016119 seconds
  Import took 0.022140 seconds .

========================================================================
Received Import Request.
  Time since last request: 35.713261 seconds.
  path: Assets/_App
  artifactKey: Guid(11e9a537561751b4c845998e6b2bb15f) Importer(815301076,1909f56bfc062723c751e8b465ee728b)
Start importing Assets/_App using Guid(11e9a537561751b4c845998e6b2bb15f) Importer(815301076,1909f56bfc062723c751e8b465ee728b)  -> (artifact id: '91ddc392eeae514af02e5c64e9deba89') in 0.015753 seconds
  Import took 0.022793 seconds .

========================================================================
Received Import Request.
  Time since last request: 0.000697 seconds.
  path: Assets/_App
  artifactKey: Guid(11e9a537561751b4c845998e6b2bb15f) Importer(815301076,1909f56bfc062723c751e8b465ee728b)
Start importing Assets/_App using Guid(11e9a537561751b4c845998e6b2bb15f) Importer(815301076,1909f56bfc062723c751e8b465ee728b)  -> (artifact id: '91ddc392eeae514af02e5c64e9deba89') in 0.012902 seconds
  Import took 0.019072 seconds .

========================================================================
Received Prepare
Registering precompiled user dll's ...
Registered in 0.014230 seconds.
Begin MonoManager ReloadAssembly
Native extension for WindowsStandalone target not found
Refreshing native plugins compatible for Editor in 3.83 ms, found 8 plugins.
Preloading 0 native plugins for Editor in 0.00 ms.
Mono: successfully reloaded assembly
- Completed reload, in  2.503 seconds
Platform modules already initialized, skipping
Refreshing native plugins compatible for Editor in 0.90 ms, found 8 plugins.
Preloading 0 native plugins for Editor in 0.00 ms.
Unloading 2029 Unused Serialized files (Serialized files now loaded: 0)
System memory in use before: 107.7 MB.
System memory in use after: 107.8 MB.

Unloading 23 unused Assets to reduce memory usage. Loaded Objects now: 2532.
Total: 6.879500 ms (FindLiveObjects: 1.012500 ms CreateObjectMapping: 0.826700 ms MarkObjects: 4.947700 ms  DeleteObjects: 0.090100 ms)

========================================================================
Received Prepare
Registering precompiled user dll's ...
Registered in 0.014013 seconds.
Begin MonoManager ReloadAssembly
Native extension for WindowsStandalone target not found
Refreshing native plugins compatible for Editor in 2.47 ms, found 8 plugins.
Preloading 0 native plugins for Editor in 0.00 ms.
Mono: successfully reloaded assembly
- Completed reload, in  2.261 seconds
Platform modules already initialized, skipping
Refreshing native plugins compatible for Editor in 1.11 ms, found 8 plugins.
Preloading 0 native plugins for Editor in 0.00 ms.
Unloading 2029 Unused Serialized files (Serialized files now loaded: 0)
System memory in use before: 107.7 MB.
System memory in use after: 107.8 MB.

Unloading 23 unused Assets to reduce memory usage. Loaded Objects now: 2536.
Total: 6.142900 ms (FindLiveObjects: 0.229100 ms CreateObjectMapping: 0.082200 ms MarkObjects: 5.798500 ms  DeleteObjects: 0.031200 ms)

========================================================================
Received Prepare
Registering precompiled user dll's ...
Registered in 0.011300 seconds.
Begin MonoManager ReloadAssembly
Native extension for WindowsStandalone target not found
Refreshing native plugins compatible for Editor in 0.89 ms, found 8 plugins.
Preloading 0 native plugins for Editor in 0.00 ms.
Mono: successfully reloaded assembly
- Completed reload, in  2.648 seconds
Platform modules already initialized, skipping
Refreshing native plugins compatible for Editor in 1.05 ms, found 8 plugins.
Preloading 0 native plugins for Editor in 0.00 ms.
Unloading 2411 Unused Serialized files (Serialized files now loaded: 0)
System memory in use before: 126.8 MB.
System memory in use after: 127.0 MB.

Unloading 26 unused Assets to reduce memory usage. Loaded Objects now: 2919.
Total: 3.918800 ms (FindLiveObjects: 0.539000 ms CreateObjectMapping: 0.144000 ms MarkObjects: 3.116600 ms  DeleteObjects: 0.117700 ms)

========================================================================
Received Prepare
Registering precompiled user dll's ...
Registered in 0.012271 seconds.
Begin MonoManager ReloadAssembly
Native extension for WindowsStandalone target not found
Refreshing native plugins compatible for Editor in 0.98 ms, found 8 plugins.
Preloading 0 native plugins for Editor in 0.00 ms.
Mono: successfully reloaded assembly
- Completed reload, in  2.709 seconds
Platform modules already initialized, skipping
Refreshing native plugins compatible for Editor in 1.64 ms, found 8 plugins.
Preloading 0 native plugins for Editor in 0.00 ms.
Unloading 2411 Unused Serialized files (Serialized files now loaded: 0)
System memory in use before: 126.8 MB.
System memory in use after: 127.0 MB.

Unloading 26 unused Assets to reduce memory usage. Loaded Objects now: 2923.
Total: 4.216500 ms (FindLiveObjects: 0.255300 ms CreateObjectMapping: 0.102900 ms MarkObjects: 3.760200 ms  DeleteObjects: 0.096400 ms)

========================================================================
Received Prepare
Registering precompiled user dll's ...
Registered in 0.012605 seconds.
Begin MonoManager ReloadAssembly
Native extension for WindowsStandalone target not found
Refreshing native plugins compatible for Editor in 2.67 ms, found 8 plugins.
Preloading 0 native plugins for Editor in 0.00 ms.
Mono: successfully reloaded assembly
- Completed reload, in  2.573 seconds
Platform modules already initialized, skipping
Refreshing native plugins compatible for Editor in 1.04 ms, found 8 plugins.
Preloading 0 native plugins for Editor in 0.00 ms.
Unloading 2411 Unused Serialized files (Serialized files now loaded: 0)
System memory in use before: 126.9 MB.
System memory in use after: 127.1 MB.

Unloading 26 unused Assets to reduce memory usage. Loaded Objects now: 2927.
Total: 7.129000 ms (FindLiveObjects: 0.255300 ms CreateObjectMapping: 0.134600 ms MarkObjects: 6.646200 ms  DeleteObjects: 0.091000 ms)

========================================================================
Received Prepare
Registering precompiled user dll's ...
Registered in 0.012209 seconds.
Begin MonoManager ReloadAssembly
Native extension for WindowsStandalone target not found
Refreshing native plugins compatible for Editor in 2.14 ms, found 8 plugins.
Preloading 0 native plugins for Editor in 0.00 ms.
Mono: successfully reloaded assembly
- Completed reload, in  2.597 seconds
Platform modules already initialized, skipping
Refreshing native plugins compatible for Editor in 1.33 ms, found 8 plugins.
Preloading 0 native plugins for Editor in 0.00 ms.
Unloading 2411 Unused Serialized files (Serialized files now loaded: 0)
System memory in use before: 126.9 MB.
System memory in use after: 127.1 MB.

Unloading 26 unused Assets to reduce memory usage. Loaded Objects now: 2931.
Total: 5.130800 ms (FindLiveObjects: 0.250300 ms CreateObjectMapping: 0.126500 ms MarkObjects: 4.652400 ms  DeleteObjects: 0.099800 ms)

========================================================================
Received Prepare
Registering precompiled user dll's ...
Registered in 0.013013 seconds.
Begin MonoManager ReloadAssembly
Native extension for WindowsStandalone target not found
Refreshing native plugins compatible for Editor in 1.10 ms, found 8 plugins.
Preloading 0 native plugins for Editor in 0.00 ms.
Mono: successfully reloaded assembly
- Completed reload, in  2.776 seconds
Platform modules already initialized, skipping
Refreshing native plugins compatible for Editor in 1.74 ms, found 8 plugins.
Preloading 0 native plugins for Editor in 0.00 ms.
Unloading 2411 Unused Serialized files (Serialized files now loaded: 0)
System memory in use before: 126.9 MB.
System memory in use after: 127.1 MB.

Unloading 26 unused Assets to reduce memory usage. Loaded Objects now: 2935.
Total: 3.370300 ms (FindLiveObjects: 0.266400 ms CreateObjectMapping: 0.102800 ms MarkObjects: 2.909600 ms  DeleteObjects: 0.089800 ms)

========================================================================
Received Prepare
Registering precompiled user dll's ...
Registered in 0.016639 seconds.
Begin MonoManager ReloadAssembly
Native extension for WindowsStandalone target not found
Refreshing native plugins compatible for Editor in 1.08 ms, found 8 plugins.
Preloading 0 native plugins for Editor in 0.00 ms.
Mono: successfully reloaded assembly
- Completed reload, in  1.857 seconds
Platform modules already initialized, skipping
Refreshing native plugins compatible for Editor in 1.03 ms, found 8 plugins.
Preloading 0 native plugins for Editor in 0.00 ms.
Unloading 2412 Unused Serialized files (Serialized files now loaded: 0)
System memory in use before: 127.0 MB.
System memory in use after: 127.2 MB.

Unloading 26 unused Assets to reduce memory usage. Loaded Objects now: 2940.
Total: 3.629000 ms (FindLiveObjects: 0.268300 ms CreateObjectMapping: 0.106800 ms MarkObjects: 3.160700 ms  DeleteObjects: 0.091200 ms)

========================================================================
Received Import Request.
  Time since last request: 5793.720078 seconds.
  path: Assets/_App/Scripts/VR Rig.cs
  artifactKey: Guid(18bca91a7f6a7244d9621242f18146d8) Importer(815301076,1909f56bfc062723c751e8b465ee728b)
Start importing Assets/_App/Scripts/VR Rig.cs using Guid(18bca91a7f6a7244d9621242f18146d8) Importer(815301076,1909f56bfc062723c751e8b465ee728b)  -> (artifact id: 'f018bbdcf5971fc3d60a9005f91960a3') in 0.023940 seconds
  Import took 0.029469 seconds .

========================================================================
Received Import Request.
  Time since last request: 13.415600 seconds.
  path: Assets/_App/Scripts/VRRig.cs
  artifactKey: Guid(18bca91a7f6a7244d9621242f18146d8) Importer(815301076,1909f56bfc062723c751e8b465ee728b)
Start importing Assets/_App/Scripts/VRRig.cs using Guid(18bca91a7f6a7244d9621242f18146d8) Importer(815301076,1909f56bfc062723c751e8b465ee728b)  -> (artifact id: 'ef50570e8282b2664b2d432871feb38d') in 0.025275 seconds
  Import took 0.033566 seconds .

========================================================================
Received Prepare
Registering precompiled user dll's ...
Registered in 0.033086 seconds.
Begin MonoManager ReloadAssembly
Native extension for WindowsStandalone target not found
Refreshing native plugins compatible for Editor in 0.97 ms, found 8 plugins.
Preloading 0 native plugins for Editor in 0.00 ms.
Mono: successfully reloaded assembly
- Completed reload, in  1.876 seconds
Platform modules already initialized, skipping
Refreshing native plugins compatible for Editor in 2.34 ms, found 8 plugins.
Preloading 0 native plugins for Editor in 0.00 ms.
Unloading 2412 Unused Serialized files (Serialized files now loaded: 0)
System memory in use before: 126.9 MB.
System memory in use after: 127.1 MB.

Unloading 26 unused Assets to reduce memory usage. Loaded Objects now: 2944.
Total: 4.427000 ms (FindLiveObjects: 0.253800 ms CreateObjectMapping: 0.104500 ms MarkObjects: 3.213200 ms  DeleteObjects: 0.853400 ms)

========================================================================
Received Prepare
Registering precompiled user dll's ...
Registered in 0.014865 seconds.
Begin MonoManager ReloadAssembly
Native extension for WindowsStandalone target not found
Refreshing native plugins compatible for Editor in 0.97 ms, found 8 plugins.
Preloading 0 native plugins for Editor in 0.00 ms.
Mono: successfully reloaded assembly
- Completed reload, in  1.851 seconds
Platform modules already initialized, skipping
Refreshing native plugins compatible for Editor in 1.74 ms, found 8 plugins.
Preloading 0 native plugins for Editor in 0.00 ms.
Unloading 2412 Unused Serialized files (Serialized files now loaded: 0)
System memory in use before: 127.0 MB.
System memory in use after: 127.2 MB.

Unloading 26 unused Assets to reduce memory usage. Loaded Objects now: 2948.
Total: 4.489900 ms (FindLiveObjects: 0.258600 ms CreateObjectMapping: 0.109500 ms MarkObjects: 4.027100 ms  DeleteObjects: 0.092600 ms)

========================================================================
Received Import Request.
  Time since last request: 246.921929 seconds.
  path: Assets/_App/Scripts/VRRig.cs
  artifactKey: Guid(18bca91a7f6a7244d9621242f18146d8) Importer(815301076,1909f56bfc062723c751e8b465ee728b)
Start importing Assets/_App/Scripts/VRRig.cs using Guid(18bca91a7f6a7244d9621242f18146d8) Importer(815301076,1909f56bfc062723c751e8b465ee728b)  -> (artifact id: '4eb1dc3007e53fba721c660836428b94') in 0.016174 seconds
  Import took 0.022135 seconds .

========================================================================
Received Prepare
Registering precompiled user dll's ...
Registered in 0.011216 seconds.
Begin MonoManager ReloadAssembly
Native extension for WindowsStandalone target not found
Refreshing native plugins compatible for Editor in 1.10 ms, found 8 plugins.
Preloading 0 native plugins for Editor in 0.00 ms.
Mono: successfully reloaded assembly
- Completed reload, in  2.961 seconds
Platform modules already initialized, skipping
Refreshing native plugins compatible for Editor in 1.94 ms, found 8 plugins.
Preloading 0 native plugins for Editor in 0.00 ms.
Unloading 2412 Unused Serialized files (Serialized files now loaded: 0)
System memory in use before: 127.0 MB.
System memory in use after: 127.2 MB.

Unloading 26 unused Assets to reduce memory usage. Loaded Objects now: 2952.
Total: 3.253100 ms (FindLiveObjects: 0.255600 ms CreateObjectMapping: 0.104800 ms MarkObjects: 2.801700 ms  DeleteObjects: 0.089300 ms)

========================================================================
Received Prepare
Registering precompiled user dll's ...
Registered in 0.019977 seconds.
Begin MonoManager ReloadAssembly
Native extension for WindowsStandalone target not found
Refreshing native plugins compatible for Editor in 1.03 ms, found 8 plugins.
Preloading 0 native plugins for Editor in 0.00 ms.
Mono: successfully reloaded assembly
- Completed reload, in  1.927 seconds
Platform modules already initialized, skipping
Refreshing native plugins compatible for Editor in 1.07 ms, found 8 plugins.
Preloading 0 native plugins for Editor in 0.00 ms.
Unloading 2412 Unused Serialized files (Serialized files now loaded: 0)
System memory in use before: 127.0 MB.
System memory in use after: 127.2 MB.

Unloading 26 unused Assets to reduce memory usage. Loaded Objects now: 2956.
Total: 31.560900 ms (FindLiveObjects: 0.818300 ms CreateObjectMapping: 0.172700 ms MarkObjects: 30.472900 ms  DeleteObjects: 0.095100 ms)

========================================================================
Received Prepare
Registering precompiled user dll's ...
Registered in 0.021876 seconds.
Begin MonoManager ReloadAssembly
Native extension for WindowsStandalone target not found
Refreshing native plugins compatible for Editor in 0.99 ms, found 8 plugins.
Preloading 0 native plugins for Editor in 0.00 ms.
Mono: successfully reloaded assembly
- Completed reload, in  2.671 seconds
Platform modules already initialized, skipping
Refreshing native plugins compatible for Editor in 1.13 ms, found 8 plugins.
Preloading 0 native plugins for Editor in 0.00 ms.
Unloading 2412 Unused Serialized files (Serialized files now loaded: 0)
System memory in use before: 127.0 MB.
System memory in use after: 127.2 MB.

Unloading 26 unused Assets to reduce memory usage. Loaded Objects now: 2960.
Total: 7.838800 ms (FindLiveObjects: 0.295400 ms CreateObjectMapping: 0.110000 ms MarkObjects: 7.338400 ms  DeleteObjects: 0.093000 ms)

========================================================================
Received Prepare
Registering precompiled user dll's ...
Registered in 0.013036 seconds.
Begin MonoManager ReloadAssembly
Native extension for WindowsStandalone target not found
Refreshing native plugins compatible for Editor in 0.93 ms, found 8 plugins.
Preloading 0 native plugins for Editor in 0.00 ms.
Mono: successfully reloaded assembly
- Completed reload, in  2.035 seconds
Platform modules already initialized, skipping
Refreshing native plugins compatible for Editor in 1.07 ms, found 8 plugins.
Preloading 0 native plugins for Editor in 0.00 ms.
Unloading 2412 Unused Serialized files (Serialized files now loaded: 0)
System memory in use before: 127.0 MB.
System memory in use after: 127.1 MB.

Unloading 26 unused Assets to reduce memory usage. Loaded Objects now: 2964.
Total: 4.662800 ms (FindLiveObjects: 0.312600 ms CreateObjectMapping: 0.435800 ms MarkObjects: 3.636500 ms  DeleteObjects: 0.275900 ms)

========================================================================
Received Prepare
Registering precompiled user dll's ...
Registered in 0.015289 seconds.
Begin MonoManager ReloadAssembly
Native extension for WindowsStandalone target not found
Refreshing native plugins compatible for Editor in 1.65 ms, found 8 plugins.
Preloading 0 native plugins for Editor in 0.00 ms.
Mono: successfully reloaded assembly
- Completed reload, in  2.117 seconds
Platform modules already initialized, skipping
Refreshing native plugins compatible for Editor in 1.07 ms, found 8 plugins.
Preloading 0 native plugins for Editor in 0.00 ms.
Unloading 2412 Unused Serialized files (Serialized files now loaded: 0)
System memory in use before: 127.0 MB.
System memory in use after: 127.1 MB.

Unloading 26 unused Assets to reduce memory usage. Loaded Objects now: 2968.
Total: 6.312300 ms (FindLiveObjects: 0.890600 ms CreateObjectMapping: 0.439600 ms MarkObjects: 4.885000 ms  DeleteObjects: 0.095200 ms)

========================================================================
Received Prepare
Registering precompiled user dll's ...
Registered in 0.038242 seconds.
Begin MonoManager ReloadAssembly
Native extension for WindowsStandalone target not found
Refreshing native plugins compatible for Editor in 1.07 ms, found 8 plugins.
Preloading 0 native plugins for Editor in 0.00 ms.
Mono: successfully reloaded assembly
- Completed reload, in  2.402 seconds
Platform modules already initialized, skipping
Refreshing native plugins compatible for Editor in 1.06 ms, found 8 plugins.
Preloading 0 native plugins for Editor in 0.00 ms.
Unloading 2412 Unused Serialized files (Serialized files now loaded: 0)
System memory in use before: 127.0 MB.
System memory in use after: 127.1 MB.

Unloading 26 unused Assets to reduce memory usage. Loaded Objects now: 2972.
Total: 3.679000 ms (FindLiveObjects: 0.363700 ms CreateObjectMapping: 0.141600 ms MarkObjects: 3.065400 ms  DeleteObjects: 0.106500 ms)

========================================================================
Received Prepare
Registering precompiled user dll's ...
Registered in 0.014131 seconds.
Begin MonoManager ReloadAssembly
Native extension for WindowsStandalone target not found
Refreshing native plugins compatible for Editor in 2.57 ms, found 8 plugins.
Preloading 0 native plugins for Editor in 0.00 ms.
Mono: successfully reloaded assembly
- Completed reload, in  3.509 seconds
Platform modules already initialized, skipping
Refreshing native plugins compatible for Editor in 1.20 ms, found 8 plugins.
Preloading 0 native plugins for Editor in 0.00 ms.
Unloading 2412 Unused Serialized files (Serialized files now loaded: 0)
System memory in use before: 127.1 MB.
System memory in use after: 127.3 MB.

Unloading 26 unused Assets to reduce memory usage. Loaded Objects now: 2976.
Total: 4.247500 ms (FindLiveObjects: 0.257400 ms CreateObjectMapping: 0.130000 ms MarkObjects: 3.183300 ms  DeleteObjects: 0.674600 ms)

AssetImportWorkerClient::OnTransportError - code=2 error=End of file
